box_sensors/build/app/intermediates/manifest_merge_blame_file/release/processReleaseMainManifest/manifest-merger-blame-release-report.txt
1<?xml version="1.0" encoding="utf-8"?>
2<manifest xmlns:android="http://schemas.android.com/apk/res/android"
3    package="com.sanguinarypc.box_sensors"
4    android:versionCode="6"
5    android:versionName="1.0.5" >
6
7    <uses-sdk
8        android:minSdkVersion="21"
9        android:targetSdkVersion="35" />
10    <!-- xmlns:tools="http://schemas.android.com/tools" -->
11    <!-- Ensure the app supports all screen densities -->
12    <supports-screens
12-->src\main\AndroidManifest.xml:5:5-11:37
13        android:anyDensity="true"
13-->src\main\AndroidManifest.xml:6:9-34
14        android:largeScreens="true"
14-->src\main\AndroidManifest.xml:9:9-36
15        android:normalScreens="true"
15-->src\main\AndroidManifest.xml:8:9-37
16        android:resizeable="true"
16-->src\main\AndroidManifest.xml:11:9-34
17        android:smallScreens="true"
17-->src\main\AndroidManifest.xml:7:9-36
18        android:xlargeScreens="true" />
18-->src\main\AndroidManifest.xml:10:9-37
19
20    <uses-permission android:name="android.permission.INTERNET" />
20-->src\main\AndroidManifest.xml:13:5-67
20-->src\main\AndroidManifest.xml:13:22-64
21    <uses-permission android:name="android.permission.ACCESS_NETWORK_STATE" />
21-->src\main\AndroidManifest.xml:14:5-79
21-->src\main\AndroidManifest.xml:14:22-76
22    <!--
23    New Bluetooth permissions in Android 12
24    https://developer.android.com/about/versions/12/features/bluetooth-permissions
25    -->
26
27    <uses-permission android:name="android.permission.BLUETOOTH_SCAN" />
27-->src\main\AndroidManifest.xml:18:5-72
27-->src\main\AndroidManifest.xml:18:22-70
28    <uses-permission android:name="android.permission.BLUETOOTH_CONNECT" />
28-->src\main\AndroidManifest.xml:19:5-76
28-->src\main\AndroidManifest.xml:19:22-73
29
30    <uses-feature
30-->src\main\AndroidManifest.xml:20:5-90
31        android:name="android.hardware.bluetooth_le"
31-->src\main\AndroidManifest.xml:20:19-63
32        android:required="true" />
32-->src\main\AndroidManifest.xml:20:64-87
33
34    <uses-permission android:name="android.permission.ACCESS_FINE_LOCATION" />
34-->src\main\AndroidManifest.xml:21:5-79
34-->src\main\AndroidManifest.xml:21:22-76
35
36    <!-- legacy for Android 11 or lower -->
37    <uses-permission
37-->src\main\AndroidManifest.xml:24:5-95
38        android:name="android.permission.BLUETOOTH"
38-->src\main\AndroidManifest.xml:24:22-65
39        android:maxSdkVersion="30" />
39-->src\main\AndroidManifest.xml:24:66-92
40    <uses-permission
40-->src\main\AndroidManifest.xml:25:5-101
41        android:name="android.permission.BLUETOOTH_ADMIN"
41-->src\main\AndroidManifest.xml:25:22-71
42        android:maxSdkVersion="30" />
42-->src\main\AndroidManifest.xml:25:72-98
43
44    <!-- legacy for Android 9 or lower -->
45    <uses-permission
45-->src\main\AndroidManifest.xml:28:5-108
46        android:name="android.permission.ACCESS_COARSE_LOCATION"
46-->src\main\AndroidManifest.xml:28:22-78
47        android:maxSdkVersion="28" />
47-->src\main\AndroidManifest.xml:28:79-105
48    <uses-permission android:name="android.permission.FOREGROUND_SERVICE" />
48-->src\main\AndroidManifest.xml:29:5-77
48-->src\main\AndroidManifest.xml:29:22-74
49
50    <!-- which takes the user to the system screen where they can whitelist your app against Doze-mode battery optimizations -->
51    <uses-permission android:name="android.permission.REQUEST_IGNORE_BATTERY_OPTIMIZATIONS" />
51-->src\main\AndroidManifest.xml:32:5-94
51-->src\main\AndroidManifest.xml:32:22-92
52
53    <queries>
53-->[:file_picker] AndroidManifest.xml:7:5-13:15
54        <intent>
54-->[:file_picker] AndroidManifest.xml:8:9-12:18
55            <action android:name="android.intent.action.GET_CONTENT" />
55-->[:file_picker] AndroidManifest.xml:9:13-72
55-->[:file_picker] AndroidManifest.xml:9:21-69
56
57            <data android:mimeType="*/*" />
57-->[:file_picker] AndroidManifest.xml:11:13-44
57-->[:file_picker] AndroidManifest.xml:11:19-41
58        </intent>
59    </queries>
60
61    <permission
61-->[androidx.core:core:1.15.0] AndroidManifest.xml:22:5-24:47
62        android:name="com.sanguinarypc.box_sensors.DYNAMIC_RECEIVER_NOT_EXPORTED_PERMISSION"
62-->[androidx.core:core:1.15.0] AndroidManifest.xml:23:9-81
63        android:protectionLevel="signature" />
63-->[androidx.core:core:1.15.0] AndroidManifest.xml:24:9-44
64
65    <uses-permission android:name="com.sanguinarypc.box_sensors.DYNAMIC_RECEIVER_NOT_EXPORTED_PERMISSION" /> <!-- Για να διαβάσεις από το storage -->
65-->[androidx.core:core:1.15.0] AndroidManifest.xml:26:5-97
65-->[androidx.core:core:1.15.0] AndroidManifest.xml:26:22-94
66    <!-- uses-permission android:name="android.permission.READ_EXTERNAL_STORAGE" android:maxSdkVersion="28"/> -->
67    <!-- Για να γράψεις στο storage, αλλά μόνο σε Android <=28 -->
68    <!-- <uses-permission android:name="android.permission.WRITE_EXTERNAL_STORAGE" android:maxSdkVersion="28"/> -->
69    <application
70        android:name="android.app.Application"
70-->src\main\AndroidManifest.xml:40:9-42
71        android:appComponentFactory="androidx.core.app.CoreComponentFactory"
71-->[androidx.core:core:1.15.0] AndroidManifest.xml:28:18-86
72        android:extractNativeLibs="true"
73        android:icon="@mipmap/ic_launcher"
73-->src\main\AndroidManifest.xml:42:9-43
74        android:label="BoxSensors" >
74-->src\main\AndroidManifest.xml:41:9-35
75        <activity
75-->src\main\AndroidManifest.xml:44:5-65:16
76            android:name="com.sanguinarypc.box_sensors.MainActivity"
76-->src\main\AndroidManifest.xml:45:9-37
77            android:configChanges="orientation|keyboardHidden|keyboard|screenSize|smallestScreenSize|locale|layoutDirection|screenLayout|density|uiMode"
77-->src\main\AndroidManifest.xml:50:9-149
78            android:exported="true"
78-->src\main\AndroidManifest.xml:46:9-32
79            android:hardwareAccelerated="true"
79-->src\main\AndroidManifest.xml:51:9-43
80            android:launchMode="singleTop"
80-->src\main\AndroidManifest.xml:47:9-39
81            android:lockTaskMode="always"
81-->src\main\AndroidManifest.xml:54:9-38
82            android:screenOrientation="portrait"
82-->src\main\AndroidManifest.xml:53:9-45
83            android:taskAffinity=""
83-->src\main\AndroidManifest.xml:48:9-32
84            android:theme="@style/LaunchTheme"
84-->src\main\AndroidManifest.xml:49:9-43
85            android:windowSoftInputMode="adjustResize" > <!-- "if_whitelisted" or "never" or "always" -->
85-->src\main\AndroidManifest.xml:52:9-51
86            <!-- android:requestLegacyExternalStorage="true" -->
87
88
89            <!-- Specifies an Android theme to apply to this Activity as soon as the Android process has started -->
90            <meta-data
90-->src\main\AndroidManifest.xml:57:9-59:52
91                android:name="io.flutter.embedding.android.NormalTheme"
91-->src\main\AndroidManifest.xml:58:13-68
92                android:resource="@style/NormalTheme" />
92-->src\main\AndroidManifest.xml:59:13-50
93
94            <intent-filter>
94-->src\main\AndroidManifest.xml:61:9-64:25
95                <action android:name="android.intent.action.MAIN" />
95-->src\main\AndroidManifest.xml:62:13-64
95-->src\main\AndroidManifest.xml:62:21-62
96
97                <category android:name="android.intent.category.LAUNCHER" />
97-->src\main\AndroidManifest.xml:63:13-72
97-->src\main\AndroidManifest.xml:63:23-70
98            </intent-filter>
99        </activity>
100
101        <!-- Don't delete the meta-data below. This is used by the Flutter tool to generate GeneratedPluginRegistrant.java -->
102        <meta-data
102-->src\main\AndroidManifest.xml:68:9-70:32
103            android:name="flutterEmbedding"
103-->src\main\AndroidManifest.xml:69:13-44
104            android:value="2" />
104-->src\main\AndroidManifest.xml:70:13-30
105
106        <uses-library
106-->[androidx.window:window:1.2.0] AndroidManifest.xml:23:9-25:40
107            android:name="androidx.window.extensions"
107-->[androidx.window:window:1.2.0] AndroidManifest.xml:24:13-54
108            android:required="false" />
108-->[androidx.window:window:1.2.0] AndroidManifest.xml:25:13-37
109        <uses-library
109-->[androidx.window:window:1.2.0] AndroidManifest.xml:26:9-28:40
110            android:name="androidx.window.sidecar"
110-->[androidx.window:window:1.2.0] AndroidManifest.xml:27:13-51
111            android:required="false" />
111-->[androidx.window:window:1.2.0] AndroidManifest.xml:28:13-37
112
113        <provider
113-->[io.sentry:sentry-android-core:7.22.4] AndroidManifest.xml:16:9-20:39
114            android:name="io.sentry.android.core.SentryPerformanceProvider"
114-->[io.sentry:sentry-android-core:7.22.4] AndroidManifest.xml:17:13-76
115            android:authorities="com.sanguinarypc.box_sensors.SentryPerformanceProvider"
115-->[io.sentry:sentry-android-core:7.22.4] AndroidManifest.xml:18:13-77
116            android:exported="false"
116-->[io.sentry:sentry-android-core:7.22.4] AndroidManifest.xml:19:13-37
117            android:initOrder="200" />
117-->[io.sentry:sentry-android-core:7.22.4] AndroidManifest.xml:20:13-36
118        <provider
118-->[androidx.lifecycle:lifecycle-process:2.8.7] AndroidManifest.xml:24:9-32:20
119            android:name="androidx.startup.InitializationProvider"
119-->[androidx.lifecycle:lifecycle-process:2.8.7] AndroidManifest.xml:25:13-67
120            android:authorities="com.sanguinarypc.box_sensors.androidx-startup"
120-->[androidx.lifecycle:lifecycle-process:2.8.7] AndroidManifest.xml:26:13-68
121            android:exported="false" >
121-->[androidx.lifecycle:lifecycle-process:2.8.7] AndroidManifest.xml:27:13-37
122            <meta-data
122-->[androidx.lifecycle:lifecycle-process:2.8.7] AndroidManifest.xml:29:13-31:52
123                android:name="androidx.lifecycle.ProcessLifecycleInitializer"
123-->[androidx.lifecycle:lifecycle-process:2.8.7] AndroidManifest.xml:30:17-78
124                android:value="androidx.startup" />
124-->[androidx.lifecycle:lifecycle-process:2.8.7] AndroidManifest.xml:31:17-49
125            <meta-data
125-->[androidx.profileinstaller:profileinstaller:1.3.1] AndroidManifest.xml:29:13-31:52
126                android:name="androidx.profileinstaller.ProfileInstallerInitializer"
126-->[androidx.profileinstaller:profileinstaller:1.3.1] AndroidManifest.xml:30:17-85
127                android:value="androidx.startup" />
127-->[androidx.profileinstaller:profileinstaller:1.3.1] AndroidManifest.xml:31:17-49
128        </provider>
129
130        <receiver
130-->[androidx.profileinstaller:profileinstaller:1.3.1] AndroidManifest.xml:34:9-52:20
131            android:name="androidx.profileinstaller.ProfileInstallReceiver"
131-->[androidx.profileinstaller:profileinstaller:1.3.1] AndroidManifest.xml:35:13-76
132            android:directBootAware="false"
132-->[androidx.profileinstaller:profileinstaller:1.3.1] AndroidManifest.xml:36:13-44
133            android:enabled="true"
133-->[androidx.profileinstaller:profileinstaller:1.3.1] AndroidManifest.xml:37:13-35
134            android:exported="true"
134-->[androidx.profileinstaller:profileinstaller:1.3.1] AndroidManifest.xml:38:13-36
135            android:permission="android.permission.DUMP" >
135-->[androidx.profileinstaller:profileinstaller:1.3.1] AndroidManifest.xml:39:13-57
136            <intent-filter>
136-->[androidx.profileinstaller:profileinstaller:1.3.1] AndroidManifest.xml:40:13-42:29
137                <action android:name="androidx.profileinstaller.action.INSTALL_PROFILE" />
137-->[androidx.profileinstaller:profileinstaller:1.3.1] AndroidManifest.xml:41:17-91
137-->[androidx.profileinstaller:profileinstaller:1.3.1] AndroidManifest.xml:41:25-88
138            </intent-filter>
139            <intent-filter>
139-->[androidx.profileinstaller:profileinstaller:1.3.1] AndroidManifest.xml:43:13-45:29
140                <action android:name="androidx.profileinstaller.action.SKIP_FILE" />
140-->[androidx.profileinstaller:profileinstaller:1.3.1] AndroidManifest.xml:44:17-85
140-->[androidx.profileinstaller:profileinstaller:1.3.1] AndroidManifest.xml:44:25-82
141            </intent-filter>
142            <intent-filter>
142-->[androidx.profileinstaller:profileinstaller:1.3.1] AndroidManifest.xml:46:13-48:29
143                <action android:name="androidx.profileinstaller.action.SAVE_PROFILE" />
143-->[androidx.profileinstaller:profileinstaller:1.3.1] AndroidManifest.xml:47:17-88
143-->[androidx.profileinstaller:profileinstaller:1.3.1] AndroidManifest.xml:47:25-85
144            </intent-filter>
145            <intent-filter>
145-->[androidx.profileinstaller:profileinstaller:1.3.1] AndroidManifest.xml:49:13-51:29
146                <action android:name="androidx.profileinstaller.action.BENCHMARK_OPERATION" />
146-->[androidx.profileinstaller:profileinstaller:1.3.1] AndroidManifest.xml:50:17-95
146-->[androidx.profileinstaller:profileinstaller:1.3.1] AndroidManifest.xml:50:25-92
147            </intent-filter>
148        </receiver>
149    </application>
150
151</manifest>